<?xml version="1.0" encoding="UTF-8"?>
<!-- Generated by org.testng.reporters.JUnitReportReporter -->
<testsuite hostname="WEP03460" name="de.telekom.pni.rmstest.backend.testng.test.SimpleTest2" tests="4" failures="0" timestamp="7 May 2015 10:38:38 GMT" time="0.000" errors="0">
  <testcase name="aFastTest" time="0.000" classname="de.telekom.pni.rmstest.backend.testng.test.SimpleTest2"/>
  <testcase name="aSlowTest" time="0.000" classname="de.telekom.pni.rmstest.backend.testng.test.SimpleTest2"/>
  <testcase name="aFastTest" time="0.000" classname="de.telekom.pni.rmstest.backend.testng.test.SimpleTest2"/>
  <testcase name="aSlowTest" time="0.000" classname="de.telekom.pni.rmstest.backend.testng.test.SimpleTest2"/>
</testsuite> <!-- de.telekom.pni.rmstest.backend.testng.test.SimpleTest2 -->
